{"C:\\Users\\Rachel Rohrbach\\Desktop\\uw-boot-camp-2\\project-2\\Project-Planner-Application\\public\\js\\newProject.js": {"path":"C:\\Users\\Rachel Rohrbach\\Desktop\\uw-boot-camp-2\\project-2\\Project-Planner-Application\\public\\js\\newProject.js","statementMap":{"0":{"start":{"line":3,"column":26},"end":{"line":13,"column":1}},"1":{"start":{"line":4,"column":2},"end":{"line":6,"column":3}},"2":{"start":{"line":5,"column":4},"end":{"line":5,"column":11}},"3":{"start":{"line":7,"column":2},"end":{"line":12,"column":3}},"4":{"start":{"line":8,"column":19},"end":{"line":8,"column":32}},"5":{"start":{"line":9,"column":4},"end":{"line":9,"column":39}},"6":{"start":{"line":10,"column":4},"end":{"line":10,"column":37}},"7":{"start":{"line":11,"column":4},"end":{"line":11,"column":30}},"8":{"start":{"line":15,"column":20},"end":{"line":20,"column":1}},"9":{"start":{"line":16,"column":2},"end":{"line":19,"column":5}},"10":{"start":{"line":17,"column":4},"end":{"line":17,"column":52}},"11":{"start":{"line":18,"column":4},"end":{"line":18,"column":40}},"12":{"start":{"line":22,"column":16},"end":{"line":62,"column":1}},"13":{"start":{"line":23,"column":21},"end":{"line":23,"column":38}},"14":{"start":{"line":24,"column":23},"end":{"line":24,"column":42}},"15":{"start":{"line":25,"column":2},"end":{"line":28,"column":5}},"16":{"start":{"line":26,"column":17},"end":{"line":26,"column":20}},"17":{"start":{"line":27,"column":4},"end":{"line":27,"column":27}},"18":{"start":{"line":29,"column":2},"end":{"line":32,"column":5}},"19":{"start":{"line":31,"column":4},"end":{"line":31,"column":67}},"20":{"start":{"line":34,"column":2},"end":{"line":34,"column":26}},"21":{"start":{"line":36,"column":2},"end":{"line":61,"column":5}},"22":{"start":{"line":37,"column":23},"end":{"line":46,"column":5}},"23":{"start":{"line":47,"column":4},"end":{"line":47,"column":28}},"24":{"start":{"line":48,"column":4},"end":{"line":60,"column":7}},"25":{"start":{"line":52,"column":6},"end":{"line":52,"column":29}},"26":{"start":{"line":53,"column":6},"end":{"line":59,"column":7}},"27":{"start":{"line":54,"column":24},"end":{"line":54,"column":34}},"28":{"start":{"line":55,"column":8},"end":{"line":55,"column":34}},"29":{"start":{"line":56,"column":13},"end":{"line":59,"column":7}},"30":{"start":{"line":57,"column":23},"end":{"line":57,"column":26}},"31":{"start":{"line":58,"column":8},"end":{"line":58,"column":33}},"32":{"start":{"line":64,"column":0},"end":{"line":64,"column":27}},"33":{"start":{"line":66,"column":0},"end":{"line":68,"column":1}},"34":{"start":{"line":67,"column":2},"end":{"line":67,"column":48}}},"fnMap":{"0":{"name":"(anonymous_0)","decl":{"start":{"line":3,"column":26},"end":{"line":3,"column":27}},"loc":{"start":{"line":3,"column":47},"end":{"line":13,"column":1}},"line":3},"1":{"name":"(anonymous_1)","decl":{"start":{"line":15,"column":20},"end":{"line":15,"column":21}},"loc":{"start":{"line":15,"column":34},"end":{"line":20,"column":1}},"line":15},"2":{"name":"(anonymous_2)","decl":{"start":{"line":16,"column":22},"end":{"line":16,"column":23}},"loc":{"start":{"line":16,"column":40},"end":{"line":19,"column":3}},"line":16},"3":{"name":"(anonymous_3)","decl":{"start":{"line":22,"column":16},"end":{"line":22,"column":17}},"loc":{"start":{"line":22,"column":22},"end":{"line":62,"column":1}},"line":22},"4":{"name":"(anonymous_4)","decl":{"start":{"line":25,"column":27},"end":{"line":25,"column":28}},"loc":{"start":{"line":25,"column":33},"end":{"line":28,"column":3}},"line":25},"5":{"name":"(anonymous_5)","decl":{"start":{"line":29,"column":20},"end":{"line":29,"column":21}},"loc":{"start":{"line":29,"column":26},"end":{"line":32,"column":3}},"line":29},"6":{"name":"(anonymous_6)","decl":{"start":{"line":36,"column":37},"end":{"line":36,"column":38}},"loc":{"start":{"line":36,"column":43},"end":{"line":61,"column":3}},"line":36},"7":{"name":"(anonymous_7)","decl":{"start":{"line":51,"column":12},"end":{"line":51,"column":13}},"loc":{"start":{"line":51,"column":18},"end":{"line":60,"column":5}},"line":51}},"branchMap":{"0":{"loc":{"start":{"line":4,"column":2},"end":{"line":6,"column":3}},"type":"if","locations":[{"start":{"line":4,"column":2},"end":{"line":6,"column":3}},{"start":{"line":4,"column":2},"end":{"line":6,"column":3}}],"line":4},"1":{"loc":{"start":{"line":53,"column":6},"end":{"line":59,"column":7}},"type":"if","locations":[{"start":{"line":53,"column":6},"end":{"line":59,"column":7}},{"start":{"line":53,"column":6},"end":{"line":59,"column":7}}],"line":53},"2":{"loc":{"start":{"line":56,"column":13},"end":{"line":59,"column":7}},"type":"if","locations":[{"start":{"line":56,"column":13},"end":{"line":59,"column":7}},{"start":{"line":56,"column":13},"end":{"line":59,"column":7}}],"line":56},"3":{"loc":{"start":{"line":66,"column":0},"end":{"line":68,"column":1}},"type":"if","locations":[{"start":{"line":66,"column":0},"end":{"line":68,"column":1}},{"start":{"line":66,"column":0},"end":{"line":68,"column":1}}],"line":66}},"s":{"0":1,"1":5,"2":1,"3":4,"4":4,"5":4,"6":4,"7":4,"8":1,"9":0,"10":0,"11":0,"12":1,"13":0,"14":0,"15":0,"16":0,"17":0,"18":0,"19":0,"20":0,"21":0,"22":0,"23":0,"24":0,"25":0,"26":0,"27":0,"28":0,"29":0,"30":0,"31":0,"32":1,"33":1,"34":1},"f":{"0":5,"1":0,"2":0,"3":0,"4":0,"5":0,"6":0,"7":0},"b":{"0":[1,4],"1":[0,0],"2":[0,0],"3":[1,0]},"_coverageSchema":"1a1c01bbd47fc00a2c39e90264f33305004495a9","hash":"802fd62726c256bdb5b557a8129fbdfdce8cd4f8"}
,"C:\\Users\\Rachel Rohrbach\\Desktop\\uw-boot-camp-2\\project-2\\Project-Planner-Application\\public\\js\\newTask.js": {"path":"C:\\Users\\Rachel Rohrbach\\Desktop\\uw-boot-camp-2\\project-2\\Project-Planner-Application\\public\\js\\newTask.js","statementMap":{"0":{"start":{"line":3,"column":29},"end":{"line":14,"column":1}},"1":{"start":{"line":4,"column":2},"end":{"line":6,"column":3}},"2":{"start":{"line":5,"column":4},"end":{"line":5,"column":11}},"3":{"start":{"line":7,"column":2},"end":{"line":13,"column":3}},"4":{"start":{"line":8,"column":19},"end":{"line":8,"column":32}},"5":{"start":{"line":9,"column":4},"end":{"line":9,"column":45}},"6":{"start":{"line":10,"column":4},"end":{"line":10,"column":47}},"7":{"start":{"line":11,"column":4},"end":{"line":11,"column":40}},"8":{"start":{"line":12,"column":4},"end":{"line":12,"column":33}},"9":{"start":{"line":16,"column":26},"end":{"line":28,"column":1}},"10":{"start":{"line":17,"column":2},"end":{"line":19,"column":3}},"11":{"start":{"line":18,"column":4},"end":{"line":18,"column":11}},"12":{"start":{"line":20,"column":2},"end":{"line":26,"column":3}},"13":{"start":{"line":21,"column":4},"end":{"line":21,"column":25}},"14":{"start":{"line":22,"column":19},"end":{"line":22,"column":32}},"15":{"start":{"line":23,"column":4},"end":{"line":23,"column":44}},"16":{"start":{"line":24,"column":4},"end":{"line":24,"column":42}},"17":{"start":{"line":25,"column":4},"end":{"line":25,"column":30}},"18":{"start":{"line":27,"column":2},"end":{"line":27,"column":9}},"19":{"start":{"line":30,"column":23},"end":{"line":35,"column":1}},"20":{"start":{"line":31,"column":2},"end":{"line":34,"column":5}},"21":{"start":{"line":32,"column":4},"end":{"line":32,"column":52}},"22":{"start":{"line":33,"column":4},"end":{"line":33,"column":46}},"23":{"start":{"line":37,"column":28},"end":{"line":47,"column":1}},"24":{"start":{"line":38,"column":2},"end":{"line":46,"column":5}},"25":{"start":{"line":39,"column":4},"end":{"line":39,"column":24}},"26":{"start":{"line":40,"column":4},"end":{"line":42,"column":5}},"27":{"start":{"line":41,"column":6},"end":{"line":41,"column":13}},"28":{"start":{"line":43,"column":23},"end":{"line":43,"column":33}},"29":{"start":{"line":44,"column":4},"end":{"line":44,"column":28}},"30":{"start":{"line":45,"column":4},"end":{"line":45,"column":46}},"31":{"start":{"line":56,"column":16},"end":{"line":110,"column":1}},"32":{"start":{"line":57,"column":24},"end":{"line":57,"column":44}},"33":{"start":{"line":58,"column":21},"end":{"line":58,"column":38}},"34":{"start":{"line":59,"column":23},"end":{"line":59,"column":42}},"35":{"start":{"line":60,"column":2},"end":{"line":63,"column":5}},"36":{"start":{"line":61,"column":17},"end":{"line":61,"column":20}},"37":{"start":{"line":62,"column":4},"end":{"line":62,"column":27}},"38":{"start":{"line":66,"column":2},"end":{"line":76,"column":5}},"39":{"start":{"line":68,"column":30},"end":{"line":70,"column":5}},"40":{"start":{"line":71,"column":27},"end":{"line":71,"column":79}},"41":{"start":{"line":72,"column":4},"end":{"line":72,"column":61}},"42":{"start":{"line":73,"column":4},"end":{"line":73,"column":55}},"43":{"start":{"line":74,"column":4},"end":{"line":74,"column":52}},"44":{"start":{"line":79,"column":2},"end":{"line":83,"column":5}},"45":{"start":{"line":81,"column":25},"end":{"line":81,"column":58}},"46":{"start":{"line":82,"column":4},"end":{"line":82,"column":69}},"47":{"start":{"line":85,"column":2},"end":{"line":85,"column":32}},"48":{"start":{"line":112,"column":0},"end":{"line":112,"column":27}},"49":{"start":{"line":114,"column":0},"end":{"line":116,"column":1}},"50":{"start":{"line":115,"column":2},"end":{"line":115,"column":54}}},"fnMap":{"0":{"name":"(anonymous_0)","decl":{"start":{"line":3,"column":29},"end":{"line":3,"column":30}},"loc":{"start":{"line":3,"column":53},"end":{"line":14,"column":1}},"line":3},"1":{"name":"(anonymous_1)","decl":{"start":{"line":16,"column":26},"end":{"line":16,"column":27}},"loc":{"start":{"line":16,"column":47},"end":{"line":28,"column":1}},"line":16},"2":{"name":"(anonymous_2)","decl":{"start":{"line":30,"column":23},"end":{"line":30,"column":24}},"loc":{"start":{"line":30,"column":40},"end":{"line":35,"column":1}},"line":30},"3":{"name":"(anonymous_3)","decl":{"start":{"line":31,"column":25},"end":{"line":31,"column":26}},"loc":{"start":{"line":31,"column":43},"end":{"line":34,"column":3}},"line":31},"4":{"name":"(anonymous_4)","decl":{"start":{"line":37,"column":28},"end":{"line":37,"column":29}},"loc":{"start":{"line":37,"column":52},"end":{"line":47,"column":1}},"line":37},"5":{"name":"(anonymous_5)","decl":{"start":{"line":38,"column":32},"end":{"line":38,"column":33}},"loc":{"start":{"line":38,"column":50},"end":{"line":46,"column":3}},"line":38},"6":{"name":"(anonymous_6)","decl":{"start":{"line":56,"column":16},"end":{"line":56,"column":17}},"loc":{"start":{"line":56,"column":22},"end":{"line":110,"column":1}},"line":56},"7":{"name":"(anonymous_7)","decl":{"start":{"line":60,"column":27},"end":{"line":60,"column":28}},"loc":{"start":{"line":60,"column":33},"end":{"line":63,"column":3}},"line":60},"8":{"name":"(anonymous_8)","decl":{"start":{"line":66,"column":23},"end":{"line":66,"column":24}},"loc":{"start":{"line":66,"column":29},"end":{"line":76,"column":3}},"line":66},"9":{"name":"(anonymous_9)","decl":{"start":{"line":79,"column":20},"end":{"line":79,"column":21}},"loc":{"start":{"line":79,"column":26},"end":{"line":83,"column":3}},"line":79}},"branchMap":{"0":{"loc":{"start":{"line":4,"column":2},"end":{"line":6,"column":3}},"type":"if","locations":[{"start":{"line":4,"column":2},"end":{"line":6,"column":3}},{"start":{"line":4,"column":2},"end":{"line":6,"column":3}}],"line":4},"1":{"loc":{"start":{"line":17,"column":2},"end":{"line":19,"column":3}},"type":"if","locations":[{"start":{"line":17,"column":2},"end":{"line":19,"column":3}},{"start":{"line":17,"column":2},"end":{"line":19,"column":3}}],"line":17},"2":{"loc":{"start":{"line":40,"column":4},"end":{"line":42,"column":5}},"type":"if","locations":[{"start":{"line":40,"column":4},"end":{"line":42,"column":5}},{"start":{"line":40,"column":4},"end":{"line":42,"column":5}}],"line":40},"3":{"loc":{"start":{"line":114,"column":0},"end":{"line":116,"column":1}},"type":"if","locations":[{"start":{"line":114,"column":0},"end":{"line":116,"column":1}},{"start":{"line":114,"column":0},"end":{"line":116,"column":1}}],"line":114}},"s":{"0":1,"1":6,"2":1,"3":5,"4":5,"5":5,"6":5,"7":5,"8":5,"9":1,"10":0,"11":0,"12":0,"13":0,"14":0,"15":0,"16":0,"17":0,"18":0,"19":1,"20":0,"21":0,"22":0,"23":1,"24":0,"25":0,"26":0,"27":0,"28":0,"29":0,"30":0,"31":1,"32":0,"33":0,"34":0,"35":0,"36":0,"37":0,"38":0,"39":0,"40":0,"41":0,"42":0,"43":0,"44":0,"45":0,"46":0,"47":0,"48":1,"49":1,"50":1},"f":{"0":6,"1":0,"2":0,"3":0,"4":0,"5":0,"6":0,"7":0,"8":0,"9":0},"b":{"0":[1,5],"1":[0,0],"2":[0,0],"3":[1,0]},"_coverageSchema":"1a1c01bbd47fc00a2c39e90264f33305004495a9","hash":"b7f528e2cf4f5224314813f0a2f3691db1603aa3"}
}
